16:39:54.345 INFO feedreader.Application - Starting Application on suneels-MacBook-Pro.local with PID 32460 (started by suneel in /Users/suneel/work/feedreader/build/libs)
16:39:54.405 INFO org.springframework.boot.context.embedded.AnnotationConfigEmbeddedWebApplicationContext - Refreshing org.springframework.boot.context.embedded.AnnotationConfigEmbeddedWebApplicationContext@523b303d: startup date [Mon May 30 16:39:54 PDT 2016]; root of context hierarchy
16:39:54.627 WARN org.springframework.core.io.support.PathMatchingResourcePatternResolver - Skipping [/Users/suneel/work/feedreader/build/libs/feedreader-0.1.war] because it does not denote a directory
16:39:57.615 WARN org.springframework.core.io.support.PathMatchingResourcePatternResolver - Skipping [/Users/suneel/work/feedreader/build/libs/feedreader-0.1.war] because it does not denote a directory
16:40:00.446 INFO grails.plugins.DefaultGrailsPluginManager - Attempting to load [0] user defined plugins
16:40:00.448 INFO grails.plugins.DefaultGrailsPluginManager - Grails plug-in [fields] with version [2.0.1] loaded successfully
16:40:00.449 INFO grails.plugins.DefaultGrailsPluginManager - Grails plug-in [scaffolding] with version [3.0.2] loaded successfully
16:40:00.449 INFO grails.plugins.DefaultGrailsPluginManager - Grails plug-in [eventBus] with version [3.0.0] loaded successfully
16:40:00.450 INFO grails.plugins.DefaultGrailsPluginManager - Grails plug-in [restResponder] with version [3.0.0] loaded successfully
16:40:00.450 INFO grails.plugins.DefaultGrailsPluginManager - Grails plug-in [core] with version [3.0.0] loaded successfully
16:40:00.494 INFO grails.plugins.DefaultGrailsPluginManager - Grails plug-in [dataBinding] with version [3.0.0] loaded successfully
16:40:00.494 INFO grails.plugins.DefaultGrailsPluginManager - Grails plug-in [i18n] with version [3.0.0] loaded successfully
16:40:00.497 INFO grails.plugins.DefaultGrailsPluginManager - Grails plug-in [codecs] with version [3.0.0] loaded successfully
16:40:00.498 INFO grails.plugins.DefaultGrailsPluginManager - Grails plug-in [urlMappings] with version [3.0.0] loaded successfully
16:40:00.499 INFO grails.plugins.DefaultGrailsPluginManager - Grails plug-in [assetPipeline] with version [3.0.0] loaded successfully
16:40:00.500 INFO grails.plugins.DefaultGrailsPluginManager - Grails plug-in [dataSource] with version [3.0.0] loaded successfully
16:40:00.506 INFO grails.plugins.DefaultGrailsPluginManager - Grails plug-in [controllers] with version [3.0.0] loaded successfully
16:40:00.507 INFO grails.plugins.DefaultGrailsPluginManager - Grails plug-in [domainClass] with version [3.0.0] loaded successfully
16:40:00.507 INFO grails.plugins.DefaultGrailsPluginManager - Grails plug-in [hibernate] with version [4.3.8.0] loaded successfully
16:40:00.507 INFO grails.plugins.DefaultGrailsPluginManager - Grails plug-in [controllersAsync] with version [3.0.0] loaded successfully
16:40:00.508 INFO grails.plugins.DefaultGrailsPluginManager - Grails plug-in [filters] with version [3.0.0] loaded successfully
16:40:00.508 INFO grails.plugins.DefaultGrailsPluginManager - Grails plug-in [services] with version [3.0.0] loaded successfully
16:40:00.509 INFO grails.plugins.DefaultGrailsPluginManager - Grails plug-in [groovyPages] with version [3.0.0] loaded successfully
16:40:00.510 INFO grails.plugins.DefaultGrailsPluginManager - Grails plug-in [interceptors] with version [3.0.0] loaded successfully
16:40:00.511 INFO grails.plugins.DefaultGrailsPluginManager - Grails plug-in [mimeTypes] with version [3.0.0] loaded successfully
16:40:00.511 INFO grails.plugins.DefaultGrailsPluginManager - Grails plug-in [cache] with version [3.0.1] loaded successfully
16:40:00.512 INFO grails.plugins.DefaultGrailsPluginManager - Grails plug-in [converters] with version [3.0.0] loaded successfully
16:40:05.739 INFO org.grails.plugins.datasource.DataSourceGrailsPlugin - [RuntimeConfiguration] Configuring data source for environment: PRODUCTION
16:40:08.231 INFO org.grails.spring.beans.factory.OptimizedAutowireCapableBeanFactory - Overriding bean definition for bean 'org.springframework.context.annotation.internalConfigurationAnnotationProcessor': replacing [Root bean: class [org.springframework.context.annotation.ConfigurationClassPostProcessor]; scope=; abstract=false; lazyInit=false; autowireMode=0; dependencyCheck=0; autowireCandidate=true; primary=false; factoryBeanName=null; factoryMethodName=null; initMethodName=null; destroyMethodName=null] with [Root bean: class [org.springframework.context.annotation.ConfigurationClassPostProcessor]; scope=; abstract=false; lazyInit=false; autowireMode=0; dependencyCheck=0; autowireCandidate=true; primary=false; factoryBeanName=null; factoryMethodName=null; initMethodName=null; destroyMethodName=null]
16:40:08.234 INFO org.grails.spring.beans.factory.OptimizedAutowireCapableBeanFactory - Overriding bean definition for bean 'org.springframework.context.annotation.internalAutowiredAnnotationProcessor': replacing [Root bean: class [org.springframework.beans.factory.annotation.AutowiredAnnotationBeanPostProcessor]; scope=; abstract=false; lazyInit=false; autowireMode=0; dependencyCheck=0; autowireCandidate=true; primary=false; factoryBeanName=null; factoryMethodName=null; initMethodName=null; destroyMethodName=null] with [Root bean: class [org.springframework.beans.factory.annotation.AutowiredAnnotationBeanPostProcessor]; scope=; abstract=false; lazyInit=false; autowireMode=0; dependencyCheck=0; autowireCandidate=true; primary=false; factoryBeanName=null; factoryMethodName=null; initMethodName=null; destroyMethodName=null]
16:40:08.234 INFO org.grails.spring.beans.factory.OptimizedAutowireCapableBeanFactory - Overriding bean definition for bean 'org.springframework.context.annotation.internalRequiredAnnotationProcessor': replacing [Root bean: class [org.springframework.beans.factory.annotation.RequiredAnnotationBeanPostProcessor]; scope=; abstract=false; lazyInit=false; autowireMode=0; dependencyCheck=0; autowireCandidate=true; primary=false; factoryBeanName=null; factoryMethodName=null; initMethodName=null; destroyMethodName=null] with [Root bean: class [org.springframework.beans.factory.annotation.RequiredAnnotationBeanPostProcessor]; scope=; abstract=false; lazyInit=false; autowireMode=0; dependencyCheck=0; autowireCandidate=true; primary=false; factoryBeanName=null; factoryMethodName=null; initMethodName=null; destroyMethodName=null]
16:40:08.235 INFO org.grails.spring.beans.factory.OptimizedAutowireCapableBeanFactory - Overriding bean definition for bean 'org.springframework.context.annotation.internalCommonAnnotationProcessor': replacing [Root bean: class [org.springframework.context.annotation.CommonAnnotationBeanPostProcessor]; scope=; abstract=false; lazyInit=false; autowireMode=0; dependencyCheck=0; autowireCandidate=true; primary=false; factoryBeanName=null; factoryMethodName=null; initMethodName=null; destroyMethodName=null] with [Root bean: class [org.springframework.context.annotation.CommonAnnotationBeanPostProcessor]; scope=; abstract=false; lazyInit=false; autowireMode=0; dependencyCheck=0; autowireCandidate=true; primary=false; factoryBeanName=null; factoryMethodName=null; initMethodName=null; destroyMethodName=null]
16:40:08.236 INFO org.grails.spring.beans.factory.OptimizedAutowireCapableBeanFactory - Overriding bean definition for bean 'org.springframework.context.annotation.internalPersistenceAnnotationProcessor': replacing [Root bean: class [org.springframework.orm.jpa.support.PersistenceAnnotationBeanPostProcessor]; scope=; abstract=false; lazyInit=false; autowireMode=0; dependencyCheck=0; autowireCandidate=true; primary=false; factoryBeanName=null; factoryMethodName=null; initMethodName=null; destroyMethodName=null] with [Root bean: class [org.springframework.orm.jpa.support.PersistenceAnnotationBeanPostProcessor]; scope=; abstract=false; lazyInit=false; autowireMode=0; dependencyCheck=0; autowireCandidate=true; primary=false; factoryBeanName=null; factoryMethodName=null; initMethodName=null; destroyMethodName=null]
16:40:08.236 INFO org.grails.spring.beans.factory.OptimizedAutowireCapableBeanFactory - Overriding bean definition for bean 'org.springframework.aop.config.internalAutoProxyCreator': replacing [Root bean: class [org.springframework.aop.aspectj.annotation.AnnotationAwareAspectJAutoProxyCreator]; scope=; abstract=false; lazyInit=false; autowireMode=0; dependencyCheck=0; autowireCandidate=true; primary=false; factoryBeanName=null; factoryMethodName=null; initMethodName=null; destroyMethodName=null] with [Root bean: class [org.springframework.aop.framework.autoproxy.InfrastructureAdvisorAutoProxyCreator]; scope=; abstract=false; lazyInit=false; autowireMode=0; dependencyCheck=0; autowireCandidate=true; primary=false; factoryBeanName=null; factoryMethodName=null; initMethodName=null; destroyMethodName=null]
16:40:08.237 INFO org.grails.spring.beans.factory.OptimizedAutowireCapableBeanFactory - Overriding bean definition for bean 'org.springframework.transaction.config.internalTransactionAdvisor': replacing [Root bean: class [null]; scope=; abstract=false; lazyInit=false; autowireMode=3; dependencyCheck=0; autowireCandidate=true; primary=false; factoryBeanName=org.springframework.transaction.annotation.ProxyTransactionManagementConfiguration; factoryMethodName=transactionAdvisor; initMethodName=null; destroyMethodName=(inferred); defined in class path resource [org/springframework/transaction/annotation/ProxyTransactionManagementConfiguration.class]] with [Root bean: class [org.springframework.transaction.interceptor.BeanFactoryTransactionAttributeSourceAdvisor]; scope=; abstract=false; lazyInit=false; autowireMode=0; dependencyCheck=0; autowireCandidate=true; primary=false; factoryBeanName=null; factoryMethodName=null; initMethodName=null; destroyMethodName=null]
16:40:08.355 INFO org.grails.spring.beans.factory.OptimizedAutowireCapableBeanFactory - Overriding bean definition for bean 'org.springframework.context.annotation.ConfigurationClassPostProcessor.importAwareProcessor': replacing [Root bean: class [org.springframework.context.annotation.ConfigurationClassPostProcessor$ImportAwareBeanPostProcessor]; scope=; abstract=false; lazyInit=false; autowireMode=0; dependencyCheck=0; autowireCandidate=true; primary=false; factoryBeanName=null; factoryMethodName=null; initMethodName=null; destroyMethodName=null] with [Root bean: class [org.springframework.context.annotation.ConfigurationClassPostProcessor$ImportAwareBeanPostProcessor]; scope=; abstract=false; lazyInit=false; autowireMode=0; dependencyCheck=0; autowireCandidate=true; primary=false; factoryBeanName=null; factoryMethodName=null; initMethodName=null; destroyMethodName=null]
16:40:08.357 INFO org.grails.spring.beans.factory.OptimizedAutowireCapableBeanFactory - Overriding bean definition for bean 'org.springframework.context.annotation.ConfigurationClassPostProcessor.enhancedConfigurationProcessor': replacing [Root bean: class [org.springframework.context.annotation.ConfigurationClassPostProcessor$EnhancedConfigurationBeanPostProcessor]; scope=; abstract=false; lazyInit=false; autowireMode=0; dependencyCheck=0; autowireCandidate=true; primary=false; factoryBeanName=null; factoryMethodName=null; initMethodName=null; destroyMethodName=null] with [Root bean: class [org.springframework.context.annotation.ConfigurationClassPostProcessor$EnhancedConfigurationBeanPostProcessor]; scope=; abstract=false; lazyInit=false; autowireMode=0; dependencyCheck=0; autowireCandidate=true; primary=false; factoryBeanName=null; factoryMethodName=null; initMethodName=null; destroyMethodName=null]
16:40:08.939 INFO grails.plugin.cache.CacheBeanPostProcessor - postProcessBeanDefinitionRegistry start
16:40:10.290 INFO grails.plugin.cache.CacheBeanPostProcessor - postProcessBeanFactory
16:40:10.625 INFO org.hibernate.validator.internal.util.Version - HV000001: Hibernate Validator 5.0.3.Final
16:40:11.079 INFO org.springframework.context.support.PostProcessorRegistrationDelegate$BeanPostProcessorChecker - Bean 'entityInterceptor' of type [class org.hibernate.EmptyInterceptor] is not eligible for getting processed by all BeanPostProcessors (for example: not eligible for auto-proxying)
16:40:11.201 INFO org.springframework.context.support.PostProcessorRegistrationDelegate$BeanPostProcessorChecker - Bean 'com.confluent.feedreader.UserFeedDomainClass' of type [class org.springframework.beans.factory.config.MethodInvokingFactoryBean] is not eligible for getting processed by all BeanPostProcessors (for example: not eligible for auto-proxying)
16:40:11.201 INFO org.springframework.context.support.PostProcessorRegistrationDelegate$BeanPostProcessorChecker - Bean 'com.confluent.feedreader.UserFeedDomainClass' of type [class org.grails.core.DefaultGrailsDomainClass] is not eligible for getting processed by all BeanPostProcessors (for example: not eligible for auto-proxying)
16:40:11.202 INFO org.springframework.context.support.PostProcessorRegistrationDelegate$BeanPostProcessorChecker - Bean 'com.confluent.feedreader.UserFeedPersistentClass' of type [class org.springframework.beans.factory.config.MethodInvokingFactoryBean] is not eligible for getting processed by all BeanPostProcessors (for example: not eligible for auto-proxying)
16:40:11.224 INFO org.springframework.context.support.PostProcessorRegistrationDelegate$BeanPostProcessorChecker - Bean 'grailsConfigProperties' of type [class org.grails.spring.beans.factory.InstanceFactoryBean] is not eligible for getting processed by all BeanPostProcessors (for example: not eligible for auto-proxying)
16:40:11.224 INFO org.springframework.context.support.PostProcessorRegistrationDelegate$BeanPostProcessorChecker - Bean 'grailsConfigProperties' of type [class java.util.Properties] is not eligible for getting processed by all BeanPostProcessors (for example: not eligible for auto-proxying)
16:40:11.252 INFO org.springframework.context.support.PostProcessorRegistrationDelegate$BeanPostProcessorChecker - Bean 'reactorConfigurationReader' of type [class org.grails.events.reactor.GrailsReactorConfigurationReader] is not eligible for getting processed by all BeanPostProcessors (for example: not eligible for auto-proxying)
16:40:11.278 INFO org.springframework.context.support.PostProcessorRegistrationDelegate$BeanPostProcessorChecker - Bean 'reactorEnv' of type [class reactor.Environment] is not eligible for getting processed by all BeanPostProcessors (for example: not eligible for auto-proxying)
16:40:11.745 INFO org.springframework.context.support.PostProcessorRegistrationDelegate$BeanPostProcessorChecker - Bean 'eventBus' of type [class org.springframework.beans.factory.config.MethodInvokingFactoryBean] is not eligible for getting processed by all BeanPostProcessors (for example: not eligible for auto-proxying)
16:40:11.748 INFO org.springframework.context.support.PostProcessorRegistrationDelegate$BeanPostProcessorChecker - Bean 'com.confluent.feedreader.FeedArticleDomainClass' of type [class org.springframework.beans.factory.config.MethodInvokingFactoryBean] is not eligible for getting processed by all BeanPostProcessors (for example: not eligible for auto-proxying)
16:40:11.748 INFO org.springframework.context.support.PostProcessorRegistrationDelegate$BeanPostProcessorChecker - Bean 'com.confluent.feedreader.FeedArticleDomainClass' of type [class org.grails.core.DefaultGrailsDomainClass] is not eligible for getting processed by all BeanPostProcessors (for example: not eligible for auto-proxying)
16:40:11.749 INFO org.springframework.context.support.PostProcessorRegistrationDelegate$BeanPostProcessorChecker - Bean 'com.confluent.feedreader.FeedArticlePersistentClass' of type [class org.springframework.beans.factory.config.MethodInvokingFactoryBean] is not eligible for getting processed by all BeanPostProcessors (for example: not eligible for auto-proxying)
16:40:11.750 INFO org.springframework.context.support.PostProcessorRegistrationDelegate$BeanPostProcessorChecker - Bean 'grails.plugin.cache.GrailsCacheAdminServiceServiceClass' of type [class org.springframework.beans.factory.config.MethodInvokingFactoryBean] is not eligible for getting processed by all BeanPostProcessors (for example: not eligible for auto-proxying)
16:40:11.751 INFO org.springframework.context.support.PostProcessorRegistrationDelegate$BeanPostProcessorChecker - Bean 'com.confluent.feedreader.BootStrapDataServiceServiceClass' of type [class org.springframework.beans.factory.config.MethodInvokingFactoryBean] is not eligible for getting processed by all BeanPostProcessors (for example: not eligible for auto-proxying)
16:40:11.767 INFO org.springframework.context.support.PostProcessorRegistrationDelegate$BeanPostProcessorChecker - Bean 'com.confluent.feedreader.FeedDomainClass' of type [class org.springframework.beans.factory.config.MethodInvokingFactoryBean] is not eligible for getting processed by all BeanPostProcessors (for example: not eligible for auto-proxying)
16:40:11.768 INFO org.springframework.context.support.PostProcessorRegistrationDelegate$BeanPostProcessorChecker - Bean 'com.confluent.feedreader.FeedDomainClass' of type [class org.grails.core.DefaultGrailsDomainClass] is not eligible for getting processed by all BeanPostProcessors (for example: not eligible for auto-proxying)
16:40:11.768 INFO org.springframework.context.support.PostProcessorRegistrationDelegate$BeanPostProcessorChecker - Bean 'com.confluent.feedreader.FeedPersistentClass' of type [class org.springframework.beans.factory.config.MethodInvokingFactoryBean] is not eligible for getting processed by all BeanPostProcessors (for example: not eligible for auto-proxying)
16:40:11.769 INFO org.springframework.context.support.PostProcessorRegistrationDelegate$BeanPostProcessorChecker - Bean 'com.confluent.feedreader.UserDomainClass' of type [class org.springframework.beans.factory.config.MethodInvokingFactoryBean] is not eligible for getting processed by all BeanPostProcessors (for example: not eligible for auto-proxying)
16:40:11.770 INFO org.springframework.context.support.PostProcessorRegistrationDelegate$BeanPostProcessorChecker - Bean 'classLoader' of type [class org.springframework.beans.factory.config.MethodInvokingFactoryBean] is not eligible for getting processed by all BeanPostProcessors (for example: not eligible for auto-proxying)
16:40:11.771 INFO org.springframework.context.support.PostProcessorRegistrationDelegate$BeanPostProcessorChecker - Bean 'com.confluent.feedreader.UserDomainClass' of type [class org.grails.core.DefaultGrailsDomainClass] is not eligible for getting processed by all BeanPostProcessors (for example: not eligible for auto-proxying)
16:40:11.772 INFO org.springframework.context.support.PostProcessorRegistrationDelegate$BeanPostProcessorChecker - Bean 'com.confluent.feedreader.UserPersistentClass' of type [class org.springframework.beans.factory.config.MethodInvokingFactoryBean] is not eligible for getting processed by all BeanPostProcessors (for example: not eligible for auto-proxying)
16:40:11.773 INFO org.springframework.context.support.PostProcessorRegistrationDelegate$BeanPostProcessorChecker - Bean 'com.confluent.feedreader.FeedServiceServiceClass' of type [class org.springframework.beans.factory.config.MethodInvokingFactoryBean] is not eligible for getting processed by all BeanPostProcessors (for example: not eligible for auto-proxying)
16:40:11.776 INFO org.springframework.context.support.PostProcessorRegistrationDelegate$BeanPostProcessorChecker - Bean 'com.confluent.feedreader.UtilsServiceServiceClass' of type [class org.springframework.beans.factory.config.MethodInvokingFactoryBean] is not eligible for getting processed by all BeanPostProcessors (for example: not eligible for auto-proxying)
16:40:11.777 INFO org.springframework.context.support.PostProcessorRegistrationDelegate$BeanPostProcessorChecker - Bean 'com.confluent.feedreader.ArticleDomainClass' of type [class org.springframework.beans.factory.config.MethodInvokingFactoryBean] is not eligible for getting processed by all BeanPostProcessors (for example: not eligible for auto-proxying)
16:40:11.781 INFO org.springframework.context.support.PostProcessorRegistrationDelegate$BeanPostProcessorChecker - Bean 'com.confluent.feedreader.UserServiceServiceClass' of type [class org.springframework.beans.factory.config.MethodInvokingFactoryBean] is not eligible for getting processed by all BeanPostProcessors (for example: not eligible for auto-proxying)
16:40:11.782 INFO org.springframework.context.support.PostProcessorRegistrationDelegate$BeanPostProcessorChecker - Bean 'com.confluent.feedreader.ArticleDomainClass' of type [class org.grails.core.DefaultGrailsDomainClass] is not eligible for getting processed by all BeanPostProcessors (for example: not eligible for auto-proxying)
16:40:11.784 INFO org.springframework.context.support.PostProcessorRegistrationDelegate$BeanPostProcessorChecker - Bean 'com.confluent.feedreader.ArticlePersistentClass' of type [class org.springframework.beans.factory.config.MethodInvokingFactoryBean] is not eligible for getting processed by all BeanPostProcessors (for example: not eligible for auto-proxying)
16:40:11.790 INFO org.springframework.context.support.PostProcessorRegistrationDelegate$BeanPostProcessorChecker - Bean 'asset.pipeline.grails.AssetProcessorServiceServiceClass' of type [class org.springframework.beans.factory.config.MethodInvokingFactoryBean] is not eligible for getting processed by all BeanPostProcessors (for example: not eligible for auto-proxying)
16:40:11.791 INFO org.springframework.context.support.PostProcessorRegistrationDelegate$BeanPostProcessorChecker - Bean 'grails.plugin.formfields.FormFieldsTemplateServiceServiceClass' of type [class org.springframework.beans.factory.config.MethodInvokingFactoryBean] is not eligible for getting processed by all BeanPostProcessors (for example: not eligible for auto-proxying)
16:40:11.903 INFO org.springframework.context.support.PostProcessorRegistrationDelegate$BeanPostProcessorChecker - Bean 'dataSourceUnproxied' of type [class org.apache.tomcat.jdbc.pool.DataSource] is not eligible for getting processed by all BeanPostProcessors (for example: not eligible for auto-proxying)
16:40:12.673 INFO org.springframework.context.support.PostProcessorRegistrationDelegate$BeanPostProcessorChecker - Bean 'dataSourceLazy' of type [class org.springframework.jdbc.datasource.LazyConnectionDataSourceProxy] is not eligible for getting processed by all BeanPostProcessors (for example: not eligible for auto-proxying)
16:40:12.677 INFO org.springframework.context.support.PostProcessorRegistrationDelegate$BeanPostProcessorChecker - Bean 'dataSource' of type [class org.springframework.jdbc.datasource.TransactionAwareDataSourceProxy] is not eligible for getting processed by all BeanPostProcessors (for example: not eligible for auto-proxying)
16:40:12.878 INFO org.hibernate.dialect.Dialect - HHH000400: Using dialect: org.hibernate.dialect.H2Dialect
16:40:13.083 INFO org.springframework.context.support.PostProcessorRegistrationDelegate$BeanPostProcessorChecker - Bean 'dialectDetector' of type [class org.grails.orm.hibernate.support.HibernateDialectDetectorFactoryBean] is not eligible for getting processed by all BeanPostProcessors (for example: not eligible for auto-proxying)
16:40:13.084 INFO org.springframework.context.support.PostProcessorRegistrationDelegate$BeanPostProcessorChecker - Bean 'dialectDetector' of type [class java.lang.String] is not eligible for getting processed by all BeanPostProcessors (for example: not eligible for auto-proxying)
16:40:13.096 INFO org.springframework.context.support.PostProcessorRegistrationDelegate$BeanPostProcessorChecker - Bean 'hibernateProperties' of type [class org.springframework.beans.factory.config.PropertiesFactoryBean] is not eligible for getting processed by all BeanPostProcessors (for example: not eligible for auto-proxying)
16:40:13.096 INFO org.springframework.context.support.PostProcessorRegistrationDelegate$BeanPostProcessorChecker - Bean 'hibernateProperties' of type [class java.util.Properties] is not eligible for getting processed by all BeanPostProcessors (for example: not eligible for auto-proxying)
16:40:13.098 INFO org.springframework.context.support.PostProcessorRegistrationDelegate$BeanPostProcessorChecker - Bean 'hibernateEventListeners' of type [class org.grails.orm.hibernate.HibernateEventListeners] is not eligible for getting processed by all BeanPostProcessors (for example: not eligible for auto-proxying)
16:40:13.109 INFO org.springframework.context.support.PostProcessorRegistrationDelegate$BeanPostProcessorChecker - Bean 'eventTriggeringInterceptor' of type [class org.grails.orm.hibernate.support.ClosureEventTriggeringInterceptor] is not eligible for getting processed by all BeanPostProcessors (for example: not eligible for auto-proxying)
16:40:13.244 INFO org.hibernate.annotations.common.Version - Hibernate Commons Annotations 3.2.0.Final
16:40:13.271 INFO org.hibernate.Version - HHH000412: Hibernate Core {4.3.8.Final}
16:40:13.293 INFO org.hibernate.cfg.Environment - HHH000206: hibernate.properties not found
16:40:13.298 INFO org.hibernate.cfg.Environment - HHH000021: Bytecode provider name : javassist
16:40:13.736 INFO org.hibernate.dialect.Dialect - HHH000400: Using dialect: org.hibernate.dialect.H2Dialect
16:40:14.135 INFO org.springframework.context.support.PostProcessorRegistrationDelegate$BeanPostProcessorChecker - Bean 'org.grails.beans.ConstraintsEvaluator' of type [class org.grails.validation.ConstraintsEvaluatorFactoryBean] is not eligible for getting processed by all BeanPostProcessors (for example: not eligible for auto-proxying)
16:40:14.135 INFO org.springframework.context.support.PostProcessorRegistrationDelegate$BeanPostProcessorChecker - Bean 'org.grails.beans.ConstraintsEvaluator' of type [class org.grails.validation.DefaultConstraintEvaluator] is not eligible for getting processed by all BeanPostProcessors (for example: not eligible for auto-proxying)
16:40:14.496 INFO org.hibernate.hql.internal.ast.ASTQueryTranslatorFactory - HHH000397: Using ASTQueryTranslatorFactory
16:40:14.674 WARN net.sf.ehcache.config.ConfigurationFactory - No configuration found. Configuring ehcache from ehcache-failsafe.xml  found in the classpath: jar:file:/Users/suneel/work/feedreader/build/libs/feedreader-0.1.war!/WEB-INF/lib/ehcache-core-2.4.3.jar!/ehcache-failsafe.xml
16:40:16.879 INFO net.sf.ehcache.util.UpdateChecker - New update(s) found: 2.4.7 [http://www.terracotta.org/confluence/display/release/Release+Notes+Ehcache+Core+2.4]. Please check http://ehcache.org for the latest version.
16:40:17.104 INFO org.hibernate.tool.hbm2ddl.SchemaUpdate - HHH000228: Running hbm2ddl schema update
16:40:17.104 INFO org.hibernate.tool.hbm2ddl.SchemaUpdate - HHH000102: Fetching database metadata
16:40:17.115 INFO org.hibernate.tool.hbm2ddl.SchemaUpdate - HHH000396: Updating schema
16:40:17.132 INFO java.sql.DatabaseMetaData - HHH000262: Table not found: article
16:40:17.137 INFO java.sql.DatabaseMetaData - HHH000262: Table not found: feed
16:40:17.141 INFO java.sql.DatabaseMetaData - HHH000262: Table not found: feed_article
16:40:17.145 INFO java.sql.DatabaseMetaData - HHH000262: Table not found: user
16:40:17.151 INFO java.sql.DatabaseMetaData - HHH000262: Table not found: user_feed
16:40:17.155 INFO java.sql.DatabaseMetaData - HHH000262: Table not found: article
16:40:17.158 INFO java.sql.DatabaseMetaData - HHH000262: Table not found: feed
16:40:17.162 INFO java.sql.DatabaseMetaData - HHH000262: Table not found: feed_article
16:40:17.164 INFO java.sql.DatabaseMetaData - HHH000262: Table not found: user
16:40:17.167 INFO java.sql.DatabaseMetaData - HHH000262: Table not found: user_feed
16:40:17.169 INFO java.sql.DatabaseMetaData - HHH000262: Table not found: article
16:40:17.172 INFO java.sql.DatabaseMetaData - HHH000262: Table not found: feed
16:40:17.175 INFO java.sql.DatabaseMetaData - HHH000262: Table not found: feed_article
16:40:17.177 INFO java.sql.DatabaseMetaData - HHH000262: Table not found: user
16:40:17.179 INFO java.sql.DatabaseMetaData - HHH000262: Table not found: user_feed
16:40:17.252 INFO org.hibernate.tool.hbm2ddl.SchemaUpdate - HHH000232: Schema update complete
16:40:17.305 INFO org.springframework.context.support.PostProcessorRegistrationDelegate$BeanPostProcessorChecker - Bean 'sessionFactory' of type [class org.grails.orm.hibernate.ConfigurableLocalSessionFactoryBean] is not eligible for getting processed by all BeanPostProcessors (for example: not eligible for auto-proxying)
16:40:17.306 INFO org.springframework.context.support.PostProcessorRegistrationDelegate$BeanPostProcessorChecker - Bean 'sessionFactory' of type [class org.hibernate.internal.SessionFactoryImpl] is not eligible for getting processed by all BeanPostProcessors (for example: not eligible for auto-proxying)
16:40:17.308 INFO org.springframework.context.support.PostProcessorRegistrationDelegate$BeanPostProcessorChecker - Bean 'transactionManager' of type [class org.grails.orm.hibernate.GrailsHibernateTransactionManager] is not eligible for getting processed by all BeanPostProcessors (for example: not eligible for auto-proxying)
16:40:17.665 INFO org.springframework.context.support.PostProcessorRegistrationDelegate$BeanPostProcessorChecker - Bean 'org.springframework.cache.annotation.AnnotationCacheOperationSource#0' of type [class grails.plugin.cache.GrailsAnnotationCacheOperationSource] is not eligible for getting processed by all BeanPostProcessors (for example: not eligible for auto-proxying)
16:40:17.673 INFO org.springframework.context.support.PostProcessorRegistrationDelegate$BeanPostProcessorChecker - Bean 'org.springframework.cache.config.internalCacheAdvisor' of type [class org.springframework.cache.interceptor.BeanFactoryCacheOperationSourceAdvisor] is not eligible for getting processed by all BeanPostProcessors (for example: not eligible for auto-proxying)
16:40:17.711 INFO org.springframework.context.support.PostProcessorRegistrationDelegate$BeanPostProcessorChecker - Bean 'org.springframework.transaction.annotation.AnnotationTransactionAttributeSource#0' of type [class org.springframework.transaction.annotation.AnnotationTransactionAttributeSource] is not eligible for getting processed by all BeanPostProcessors (for example: not eligible for auto-proxying)
16:40:17.721 INFO org.springframework.context.support.PostProcessorRegistrationDelegate$BeanPostProcessorChecker - Bean 'org.springframework.transaction.config.internalTransactionAdvisor' of type [class org.springframework.transaction.interceptor.BeanFactoryTransactionAttributeSourceAdvisor] is not eligible for getting processed by all BeanPostProcessors (for example: not eligible for auto-proxying)
16:40:17.906 WARN org.springframework.core.io.support.PathMatchingResourcePatternResolver - Skipping [/Users/suneel/work/feedreader/build/libs/feedreader-0.1.war] because it does not denote a directory
16:40:20.458 INFO org.springframework.boot.context.embedded.tomcat.TomcatEmbeddedServletContainer - Tomcat initialized with port(s): 8080 (http)
16:40:20.929 INFO org.apache.catalina.core.StandardService - Starting service Tomcat
16:40:20.936 INFO org.apache.catalina.core.StandardEngine - Starting Servlet Engine: Apache Tomcat/8.0.20
16:40:26.934 INFO org.apache.catalina.core.ContainerBase.[Tomcat].[localhost].[/] - Initializing Spring embedded WebApplicationContext
16:40:26.934 INFO org.springframework.web.context.ContextLoader - Root WebApplicationContext: initialization completed in 32532 ms
16:40:27.544 WARN org.springframework.beans.GenericTypeAwarePropertyDescriptor - Invalid JavaBean property 'dispatcherTypes' being accessed! Ambiguous write methods found next to actually used [public void org.springframework.boot.context.embedded.FilterRegistrationBean.setDispatcherTypes(java.util.EnumSet)]: [public void org.springframework.boot.context.embedded.FilterRegistrationBean.setDispatcherTypes(javax.servlet.DispatcherType,javax.servlet.DispatcherType[])]
16:40:28.225 INFO org.springframework.boot.context.embedded.FilterRegistrationBean - Mapping filter: 'metricFilter' to: [/*]
16:40:28.226 INFO org.springframework.boot.context.embedded.FilterRegistrationBean - Mapping filter: 'characterEncodingFilter' to urls: [/*]
16:40:28.227 INFO org.springframework.boot.context.embedded.FilterRegistrationBean - Mapping filter: 'hiddenHttpMethodFilter' to urls: [/*]
16:40:28.228 INFO org.springframework.boot.context.embedded.FilterRegistrationBean - Mapping filter: 'grailsWebRequestFilter' to urls: [/*]
16:40:28.228 INFO org.springframework.boot.context.embedded.FilterRegistrationBean - Mapping filter: 'webRequestLoggingFilter' to: [/*]
16:40:28.229 INFO org.springframework.boot.context.embedded.FilterRegistrationBean - Mapping filter: 'memoryPageFragmentCachingFilter' to urls: [*]
16:40:28.230 INFO org.springframework.boot.context.embedded.FilterRegistrationBean - Mapping filter: 'assetPipelineFilter' to urls: [/assets/*]
16:40:28.230 INFO org.springframework.boot.context.embedded.FilterRegistrationBean - Mapping filter: 'applicationContextIdFilter' to: [/*]
16:40:28.231 INFO org.springframework.boot.context.embedded.ServletRegistrationBean - Mapping servlet: 'groovyPagesServlet' to [*.gsp]
16:40:28.239 INFO org.springframework.boot.context.embedded.ServletRegistrationBean - Mapping servlet: 'grailsDispatcherServlet' to [/*]
16:40:28.941 INFO org.springframework.web.servlet.mvc.method.annotation.RequestMappingHandlerMapping - Mapped "{[/error],methods=[],params=[],headers=[],consumes=[],produces=[],custom=[]}" onto public org.springframework.http.ResponseEntity<java.util.Map<java.lang.String, java.lang.Object>> org.springframework.boot.autoconfigure.web.BasicErrorController.error(javax.servlet.http.HttpServletRequest)
16:40:28.942 INFO org.springframework.web.servlet.mvc.method.annotation.RequestMappingHandlerMapping - Mapped "{[/error],methods=[],params=[],headers=[],consumes=[],produces=[text/html],custom=[]}" onto public org.springframework.web.servlet.ModelAndView org.springframework.boot.autoconfigure.web.BasicErrorController.errorHtml(javax.servlet.http.HttpServletRequest)
16:40:29.094 INFO org.springframework.web.servlet.handler.SimpleUrlHandlerMapping - Mapped URL path [/webjars/**] onto handler of type [class org.springframework.web.servlet.resource.ResourceHttpRequestHandler]
16:40:29.094 INFO org.springframework.web.servlet.handler.SimpleUrlHandlerMapping - Mapped URL path [/**] onto handler of type [class org.springframework.web.servlet.resource.ResourceHttpRequestHandler]
16:40:32.390 INFO org.springframework.web.servlet.mvc.method.annotation.RequestMappingHandlerAdapter - Looking for @ControllerAdvice: org.springframework.boot.context.embedded.AnnotationConfigEmbeddedWebApplicationContext@523b303d: startup date [Mon May 30 16:39:54 PDT 2016]; root of context hierarchy
16:40:34.759 INFO org.springframework.boot.actuate.endpoint.mvc.EndpointHandlerMapping - Mapped "{[/env/{name:.*}],methods=[GET],params=[],headers=[],consumes=[],produces=[],custom=[]}" onto public java.lang.Object org.springframework.boot.actuate.endpoint.mvc.EnvironmentMvcEndpoint.value(java.lang.String)
16:40:34.760 INFO org.springframework.boot.actuate.endpoint.mvc.EndpointHandlerMapping - Mapped "{[/env],methods=[GET],params=[],headers=[],consumes=[],produces=[],custom=[]}" onto public java.lang.Object org.springframework.boot.actuate.endpoint.mvc.EndpointMvcAdapter.invoke()
16:40:34.762 INFO org.springframework.boot.actuate.endpoint.mvc.EndpointHandlerMapping - Mapped "{[/mappings],methods=[GET],params=[],headers=[],consumes=[],produces=[],custom=[]}" onto public java.lang.Object org.springframework.boot.actuate.endpoint.mvc.EndpointMvcAdapter.invoke()
16:40:34.762 INFO org.springframework.boot.actuate.endpoint.mvc.EndpointHandlerMapping - Mapped "{[/metrics/{name:.*}],methods=[GET],params=[],headers=[],consumes=[],produces=[],custom=[]}" onto public java.lang.Object org.springframework.boot.actuate.endpoint.mvc.MetricsMvcEndpoint.value(java.lang.String)
16:40:34.763 INFO org.springframework.boot.actuate.endpoint.mvc.EndpointHandlerMapping - Mapped "{[/metrics],methods=[GET],params=[],headers=[],consumes=[],produces=[],custom=[]}" onto public java.lang.Object org.springframework.boot.actuate.endpoint.mvc.EndpointMvcAdapter.invoke()
16:40:34.764 INFO org.springframework.boot.actuate.endpoint.mvc.EndpointHandlerMapping - Mapped "{[/autoconfig],methods=[GET],params=[],headers=[],consumes=[],produces=[],custom=[]}" onto public java.lang.Object org.springframework.boot.actuate.endpoint.mvc.EndpointMvcAdapter.invoke()
16:40:34.764 INFO org.springframework.boot.actuate.endpoint.mvc.EndpointHandlerMapping - Mapped "{[/configprops],methods=[GET],params=[],headers=[],consumes=[],produces=[],custom=[]}" onto public java.lang.Object org.springframework.boot.actuate.endpoint.mvc.EndpointMvcAdapter.invoke()
16:40:34.765 INFO org.springframework.boot.actuate.endpoint.mvc.EndpointHandlerMapping - Mapped "{[/shutdown],methods=[POST],params=[],headers=[],consumes=[],produces=[],custom=[]}" onto public java.lang.Object org.springframework.boot.actuate.endpoint.mvc.ShutdownMvcEndpoint.invoke()
16:40:34.766 INFO org.springframework.boot.actuate.endpoint.mvc.EndpointHandlerMapping - Mapped "{[/trace],methods=[GET],params=[],headers=[],consumes=[],produces=[],custom=[]}" onto public java.lang.Object org.springframework.boot.actuate.endpoint.mvc.EndpointMvcAdapter.invoke()
16:40:34.766 INFO org.springframework.boot.actuate.endpoint.mvc.EndpointHandlerMapping - Mapped "{[/health],methods=[],params=[],headers=[],consumes=[],produces=[],custom=[]}" onto public java.lang.Object org.springframework.boot.actuate.endpoint.mvc.HealthMvcEndpoint.invoke(java.security.Principal)
16:40:34.767 INFO org.springframework.boot.actuate.endpoint.mvc.EndpointHandlerMapping - Mapped "{[/beans],methods=[GET],params=[],headers=[],consumes=[],produces=[],custom=[]}" onto public java.lang.Object org.springframework.boot.actuate.endpoint.mvc.EndpointMvcAdapter.invoke()
16:40:34.768 INFO org.springframework.boot.actuate.endpoint.mvc.EndpointHandlerMapping - Mapped "{[/info],methods=[GET],params=[],headers=[],consumes=[],produces=[],custom=[]}" onto public java.lang.Object org.springframework.boot.actuate.endpoint.mvc.EndpointMvcAdapter.invoke()
16:40:34.768 INFO org.springframework.boot.actuate.endpoint.mvc.EndpointHandlerMapping - Mapped "{[/dump],methods=[GET],params=[],headers=[],consumes=[],produces=[],custom=[]}" onto public java.lang.Object org.springframework.boot.actuate.endpoint.mvc.EndpointMvcAdapter.invoke()
16:40:37.738 INFO org.springframework.beans.factory.config.PropertiesFactoryBean - Loading properties file from class path resource [gsp/views.properties]
16:40:41.167 INFO org.springframework.web.servlet.mvc.method.annotation.RequestMappingHandlerMapping - Mapped "{[/error],methods=[],params=[],headers=[],consumes=[],produces=[],custom=[]}" onto public org.springframework.http.ResponseEntity<java.util.Map<java.lang.String, java.lang.Object>> org.springframework.boot.autoconfigure.web.BasicErrorController.error(javax.servlet.http.HttpServletRequest)
16:40:41.168 INFO org.springframework.web.servlet.mvc.method.annotation.RequestMappingHandlerMapping - Mapped "{[/error],methods=[],params=[],headers=[],consumes=[],produces=[text/html],custom=[]}" onto public org.springframework.web.servlet.ModelAndView org.springframework.boot.autoconfigure.web.BasicErrorController.errorHtml(javax.servlet.http.HttpServletRequest)
16:40:41.219 INFO org.springframework.web.servlet.mvc.method.annotation.RequestMappingHandlerAdapter - Looking for @ControllerAdvice: org.springframework.boot.context.embedded.AnnotationConfigEmbeddedWebApplicationContext@523b303d: startup date [Mon May 30 16:39:54 PDT 2016]; root of context hierarchy
16:40:41.687 INFO org.springframework.beans.factory.xml.XmlBeanDefinitionReader - Loading XML bean definitions from class path resource [org/springframework/jdbc/support/sql-error-codes.xml]
16:40:41.848 INFO org.springframework.jdbc.support.SQLErrorCodesFactory - SQLErrorCodes loaded: [DB2, Derby, H2, HSQL, Informix, MS-SQL, MySQL, Oracle, PostgreSQL, Sybase, Hana]
16:40:43.414 INFO org.springframework.jmx.export.annotation.AnnotationMBeanExporter - Registering beans for JMX exposure on startup
16:40:43.430 INFO org.springframework.boot.actuate.endpoint.jmx.EndpointMBeanExporter - Registering beans for JMX exposure on startup
16:40:43.432 INFO org.grails.plugins.datasource.TomcatJDBCPoolMBeanExporter - Registering beans for JMX exposure on startup
16:40:43.459 INFO org.springframework.context.support.DefaultLifecycleProcessor - Starting beans in phase -2147483648
16:40:43.553 INFO org.springframework.context.support.DefaultLifecycleProcessor - Starting beans in phase 0
16:40:43.565 INFO org.springframework.boot.actuate.endpoint.jmx.EndpointMBeanExporter - Located managed bean 'requestMappingEndpoint': registering with JMX server as MBean [org.springframework.boot:type=Endpoint,name=requestMappingEndpoint,identity=5ee863e9]
16:40:43.661 INFO org.springframework.boot.actuate.endpoint.jmx.EndpointMBeanExporter - Located managed bean 'environmentEndpoint': registering with JMX server as MBean [org.springframework.boot:type=Endpoint,name=environmentEndpoint,identity=1bcd98d3]
16:40:43.677 INFO org.springframework.boot.actuate.endpoint.jmx.EndpointMBeanExporter - Located managed bean 'healthEndpoint': registering with JMX server as MBean [org.springframework.boot:type=Endpoint,name=healthEndpoint,identity=9b6d10c]
16:40:43.688 INFO org.springframework.boot.actuate.endpoint.jmx.EndpointMBeanExporter - Located managed bean 'beansEndpoint': registering with JMX server as MBean [org.springframework.boot:type=Endpoint,name=beansEndpoint,identity=64c9981]
16:40:43.698 INFO org.springframework.boot.actuate.endpoint.jmx.EndpointMBeanExporter - Located managed bean 'infoEndpoint': registering with JMX server as MBean [org.springframework.boot:type=Endpoint,name=infoEndpoint,identity=7c6322b1]
16:40:43.709 INFO org.springframework.boot.actuate.endpoint.jmx.EndpointMBeanExporter - Located managed bean 'metricsEndpoint': registering with JMX server as MBean [org.springframework.boot:type=Endpoint,name=metricsEndpoint,identity=28f274bc]
16:40:43.721 INFO org.springframework.boot.actuate.endpoint.jmx.EndpointMBeanExporter - Located managed bean 'traceEndpoint': registering with JMX server as MBean [org.springframework.boot:type=Endpoint,name=traceEndpoint,identity=3a2d9330]
16:40:43.730 INFO org.springframework.boot.actuate.endpoint.jmx.EndpointMBeanExporter - Located managed bean 'dumpEndpoint': registering with JMX server as MBean [org.springframework.boot:type=Endpoint,name=dumpEndpoint,identity=60bd8a31]
16:40:43.750 INFO org.springframework.boot.actuate.endpoint.jmx.EndpointMBeanExporter - Located managed bean 'autoConfigurationAuditEndpoint': registering with JMX server as MBean [org.springframework.boot:type=Endpoint,name=autoConfigurationAuditEndpoint,identity=14ffa548]
16:40:43.759 INFO org.springframework.boot.actuate.endpoint.jmx.EndpointMBeanExporter - Located managed bean 'shutdownEndpoint': registering with JMX server as MBean [org.springframework.boot:type=Endpoint,name=shutdownEndpoint,identity=6fb10f4e]
16:40:43.794 INFO org.springframework.boot.actuate.endpoint.jmx.EndpointMBeanExporter - Located managed bean 'configurationPropertiesReportEndpoint': registering with JMX server as MBean [org.springframework.boot:type=Endpoint,name=configurationPropertiesReportEndpoint,identity=56681fe]
16:40:44.392 INFO org.grails.plugins.web.filters.FiltersGrailsPlugin - reloadFilters
16:40:45.560 INFO com.confluent.feedreader.BootStrapDataService - suncessfully bootstrap 1-100 users
16:40:45.584 INFO com.confluent.feedreader.BootStrapDataService - suncessfully bootstrap 1-100 feeds
16:40:45.612 INFO com.confluent.feedreader.BootStrapDataService - suncessfully bootstrap 1-100 articles
16:40:45.837 INFO org.apache.coyote.http11.Http11NioProtocol - Initializing ProtocolHandler ["http-nio-8080"]
16:40:45.895 INFO org.apache.coyote.http11.Http11NioProtocol - Starting ProtocolHandler ["http-nio-8080"]
16:40:45.945 INFO org.apache.tomcat.util.net.NioSelectorPool - Using a shared selector for servlet write/read
16:40:46.021 INFO org.apache.catalina.core.ContainerBase.[Tomcat].[localhost].[/] - Initializing Spring FrameworkServlet 'grailsDispatcherServlet'
16:40:46.022 INFO org.grails.web.servlet.mvc.GrailsDispatcherServlet - FrameworkServlet 'grailsDispatcherServlet': initialization started
16:40:46.093 INFO org.grails.web.servlet.mvc.GrailsDispatcherServlet - FrameworkServlet 'grailsDispatcherServlet': initialization completed in 71 ms
16:40:46.094 INFO org.springframework.boot.context.embedded.tomcat.TomcatEmbeddedServletContainer - Tomcat started on port(s): 8080 (http)
16:40:46.101 INFO feedreader.Application - Started Application in 52.376 seconds (JVM running for 54.049)
16:41:10.642 ERROR com.confluent.feedreader.FeedController - feed  2300 not found
16:42:00.233 WARN org.springframework.web.servlet.PageNotFound - Request method 'POST' not supported
16:42:07.777 WARN org.springframework.web.servlet.PageNotFound - Request method 'POST' not supported
16:42:19.601 ERROR com.confluent.feedreader.UserService - User already subscribed to feed:45
16:49:18.902 WARN org.springframework.web.servlet.PageNotFound - Request method 'POST' not supported
17:05:16.725 INFO org.springframework.boot.context.embedded.AnnotationConfigEmbeddedWebApplicationContext - Closing org.springframework.boot.context.embedded.AnnotationConfigEmbeddedWebApplicationContext@523b303d: startup date [Mon May 30 16:39:54 PDT 2016]; root of context hierarchy
17:05:16.746 INFO org.springframework.context.support.DefaultLifecycleProcessor - Stopping beans in phase 0
17:05:16.747 INFO org.springframework.context.support.DefaultLifecycleProcessor - Stopping beans in phase -2147483648
17:05:16.756 INFO org.grails.plugins.datasource.TomcatJDBCPoolMBeanExporter - Unregistering JMX-exposed beans on shutdown
17:05:16.756 INFO org.grails.plugins.datasource.TomcatJDBCPoolMBeanExporter - Unregistering JMX-exposed beans
17:05:16.760 INFO org.springframework.boot.actuate.endpoint.jmx.EndpointMBeanExporter - Unregistering JMX-exposed beans on shutdown
17:05:16.760 INFO org.springframework.boot.actuate.endpoint.jmx.EndpointMBeanExporter - Unregistering JMX-exposed beans
17:05:16.760 INFO org.springframework.jmx.export.annotation.AnnotationMBeanExporter - Unregistering JMX-exposed beans on shutdown
17:06:58.262 ERROR com.confluent.feedreader.UserService - User already subscribed to feed:45
